0 info it worked if it ends with ok
1 verbose cli [ 'node', '/usr/local/bin/npm', 'install', '-g', 'http-server' ]
2 info using npm@1.4.28
3 info using node@v0.10.35
4 verbose cache add [ 'http-server', null ]
5 verbose cache add name=undefined spec="http-server" args=["http-server",null]
6 verbose parsed url { protocol: null,
6 verbose parsed url   slashes: null,
6 verbose parsed url   auth: null,
6 verbose parsed url   host: null,
6 verbose parsed url   port: null,
6 verbose parsed url   hostname: null,
6 verbose parsed url   hash: null,
6 verbose parsed url   search: null,
6 verbose parsed url   query: null,
6 verbose parsed url   pathname: 'http-server',
6 verbose parsed url   path: 'http-server',
6 verbose parsed url   href: 'http-server' }
7 silly lockFile ed608307-http-server http-server
8 verbose lock http-server /Users/tingkl/.npm/ed608307-http-server.lock
9 silly lockFile ed608307-http-server http-server
10 silly lockFile ed608307-http-server http-server
11 verbose addNamed [ 'http-server', '' ]
12 verbose addNamed [ null, '*' ]
13 silly lockFile 550353c6-http-server http-server@
14 verbose lock http-server@ /Users/tingkl/.npm/550353c6-http-server.lock
15 silly addNameRange { name: 'http-server', range: '*', hasData: false }
16 verbose request where is /http-server
17 verbose request registry https://registry.npmjs.org/
18 verbose request id dc7d543b471738e7
19 verbose url raw /http-server
20 verbose url resolving [ 'https://registry.npmjs.org/', './http-server' ]
21 verbose url resolved https://registry.npmjs.org/http-server
22 verbose request where is https://registry.npmjs.org/http-server
23 info trying registry request attempt 1 at 19:53:45
24 verbose etag "BKKH2ROD4I4BCBNQHQ1NPKA8L"
25 http GET https://registry.npmjs.org/http-server
26 http 304 https://registry.npmjs.org/http-server
27 silly registry.get cb [ 304,
27 silly registry.get   { date: 'Sun, 05 Jul 2015 11:53:45 GMT',
27 silly registry.get     via: '1.1 varnish',
27 silly registry.get     'cache-control': 'max-age=60',
27 silly registry.get     etag: '"BKKH2ROD4I4BCBNQHQ1NPKA8L"',
27 silly registry.get     age: '0',
27 silly registry.get     connection: 'keep-alive',
27 silly registry.get     'x-served-by': 'cache-nrt6131-NRT',
27 silly registry.get     'x-cache': 'HIT',
27 silly registry.get     'x-cache-hits': '1',
27 silly registry.get     'x-timer': 'S1436097225.704775,VS0,VE779',
27 silly registry.get     vary: 'Accept' } ]
28 verbose etag https://registry.npmjs.org/http-server from cache
29 silly addNameRange number 2 { name: 'http-server', range: '*', hasData: true }
30 silly addNameRange versions [ 'http-server',
30 silly addNameRange   [ '0.1.0',
30 silly addNameRange     '0.1.1',
30 silly addNameRange     '0.1.3',
30 silly addNameRange     '0.2.1',
30 silly addNameRange     '0.2.2',
30 silly addNameRange     '0.2.3',
30 silly addNameRange     '0.2.4',
30 silly addNameRange     '0.2.5',
30 silly addNameRange     '0.2.6',
30 silly addNameRange     '0.2.9',
30 silly addNameRange     '0.3.0',
30 silly addNameRange     '0.4.0',
30 silly addNameRange     '0.4.1',
30 silly addNameRange     '0.5.0',
30 silly addNameRange     '0.5.1',
30 silly addNameRange     '0.5.2',
30 silly addNameRange     '0.5.3',
30 silly addNameRange     '0.5.5',
30 silly addNameRange     '0.6.0',
30 silly addNameRange     '0.6.1',
30 silly addNameRange     '0.7.0',
30 silly addNameRange     '0.7.1',
30 silly addNameRange     '0.7.2',
30 silly addNameRange     '0.7.3',
30 silly addNameRange     '0.7.4',
30 silly addNameRange     '0.7.5',
30 silly addNameRange     '0.8.0' ] ]
31 verbose addNamed [ 'http-server', '0.8.0' ]
32 verbose addNamed [ '0.8.0', '0.8.0' ]
33 silly lockFile d5e3e4a2-http-server-0-8-0 http-server@0.8.0
34 verbose lock http-server@0.8.0 /Users/tingkl/.npm/d5e3e4a2-http-server-0-8-0.lock
35 silly lockFile d5e3e4a2-http-server-0-8-0 http-server@0.8.0
36 silly lockFile d5e3e4a2-http-server-0-8-0 http-server@0.8.0
37 silly lockFile 550353c6-http-server http-server@
38 silly lockFile 550353c6-http-server http-server@
39 silly resolved [ { name: 'http-server',
39 silly resolved     version: '0.8.0',
39 silly resolved     description: 'A simple zero-configuration command-line http server',
39 silly resolved     main: './lib/http-server',
39 silly resolved     repository:
39 silly resolved      { type: 'git',
39 silly resolved        url: 'git://github.com/indexzero/http-server.git' },
39 silly resolved     keywords: [ 'cli', 'command' ],
39 silly resolved     scripts:
39 silly resolved      { start: 'node ./bin/http-server',
39 silly resolved        pretest: 'stylezero bin/ lib/ test',
39 silly resolved        test: 'vows --spec --isolate' },
39 silly resolved     contributors:
39 silly resolved      [ [Object],
39 silly resolved        [Object],
39 silly resolved        [Object],
39 silly resolved        [Object],
39 silly resolved        [Object],
39 silly resolved        [Object],
39 silly resolved        [Object],
39 silly resolved        [Object],
39 silly resolved        [Object],
39 silly resolved        [Object] ],
39 silly resolved     dependencies:
39 silly resolved      { colors: '1.0.3',
39 silly resolved        optimist: '0.6.x',
39 silly resolved        union: '~0.4.3',
39 silly resolved        ecstatic: '~0.7.0',
39 silly resolved        'http-proxy': '^1.8.1',
39 silly resolved        portfinder: '0.4.x',
39 silly resolved        opener: '~1.4.0',
39 silly resolved        corser: '~2.0.0' },
39 silly resolved     devDependencies: { vows: '0.7.x', request: '2.49.x', stylezero: '2.2.0' },
39 silly resolved     bugs: { url: 'https://github.com/nodeapps/http-server/issues' },
39 silly resolved     licenses: [ [Object] ],
39 silly resolved     preferGlobal: 'true',
39 silly resolved     bin: { 'http-server': './bin/http-server', hs: './bin/http-server' },
39 silly resolved     gitHead: 'ac38a041c954c863fd695b0f70ba251399856812',
39 silly resolved     homepage: 'https://github.com/indexzero/http-server',
39 silly resolved     _id: 'http-server@0.8.0',
39 silly resolved     _shasum: 'd4b671781ec6bf9fa6a311cd1df683b0b37b1491',
39 silly resolved     _from: 'http-server@',
39 silly resolved     _npmVersion: '2.2.0',
39 silly resolved     _nodeVersion: '0.10.33',
39 silly resolved     _npmUser: { name: 'indexzero', email: 'charlie.robbins@gmail.com' },
39 silly resolved     maintainers: [ [Object] ],
39 silly resolved     dist:
39 silly resolved      { shasum: 'd4b671781ec6bf9fa6a311cd1df683b0b37b1491',
39 silly resolved        tarball: 'http://registry.npmjs.org/http-server/-/http-server-0.8.0.tgz' },
39 silly resolved     directories: {},
39 silly resolved     _resolved: 'https://registry.npmjs.org/http-server/-/http-server-0.8.0.tgz',
39 silly resolved     readme: 'ERROR: No README data found!' } ]
40 info install http-server@0.8.0 into /usr/local/lib
41 info installOne http-server@0.8.0
42 verbose lib/node_modules/http-server unbuild
43 verbose tar unpack /Users/tingkl/.npm/http-server/0.8.0/package.tgz
44 silly lockFile c2cc12bc-cal-lib-node-modules-http-server tar:///usr/local/lib/node_modules/http-server
45 verbose lock tar:///usr/local/lib/node_modules/http-server /Users/tingkl/.npm/c2cc12bc-cal-lib-node-modules-http-server.lock
46 silly lockFile 34461d55-pm-http-server-0-8-0-package-tgz tar:///Users/tingkl/.npm/http-server/0.8.0/package.tgz
47 verbose lock tar:///Users/tingkl/.npm/http-server/0.8.0/package.tgz /Users/tingkl/.npm/34461d55-pm-http-server-0-8-0-package-tgz.lock
48 silly gunzTarPerm modes [ '755', '644' ]
49 error Error: EACCES, mkdir '/usr/local/lib/node_modules/http-server'
49 error  { [Error: EACCES, mkdir '/usr/local/lib/node_modules/http-server']
49 error   errno: 3,
49 error   code: 'EACCES',
49 error   path: '/usr/local/lib/node_modules/http-server',
49 error   fstream_type: 'Directory',
49 error   fstream_path: '/usr/local/lib/node_modules/http-server',
49 error   fstream_class: 'DirWriter',
49 error   fstream_stack:
49 error    [ '/usr/local/lib/node_modules/npm/node_modules/fstream/lib/dir-writer.js:36:23',
49 error      '/usr/local/lib/node_modules/npm/node_modules/mkdirp/index.js:46:53',
49 error      'Object.oncomplete (fs.js:108:15)' ] }
50 error Please try running this command again as root/Administrator.
51 error System Darwin 14.3.0
52 error command "node" "/usr/local/bin/npm" "install" "-g" "http-server"
53 error cwd /Users/tingkl/Workspace/js/mooc/angular
54 error node -v v0.10.35
55 error npm -v 1.4.28
56 error path /usr/local/lib/node_modules/http-server
57 error fstream_path /usr/local/lib/node_modules/http-server
58 error fstream_type Directory
59 error fstream_class DirWriter
60 error code EACCES
61 error errno 3
62 error stack Error: EACCES, mkdir '/usr/local/lib/node_modules/http-server'
63 error fstream_stack /usr/local/lib/node_modules/npm/node_modules/fstream/lib/dir-writer.js:36:23
63 error fstream_stack /usr/local/lib/node_modules/npm/node_modules/mkdirp/index.js:46:53
63 error fstream_stack Object.oncomplete (fs.js:108:15)
64 verbose exit [ 3, true ]
